0 info it worked if it ends with ok
1 verbose cli [ '/usr/bin/nodejs', '/usr/bin/npm', 'install', '-g', 'git-ps1' ]
2 info using npm@3.5.2
3 info using node@v4.2.6
4 silly loadCurrentTree Starting
5 silly install loadCurrentTree
6 silly install readGlobalPackageData
7 silly fetchPackageMetaData git-ps1
8 silly fetchNamedPackageData git-ps1
9 silly mapToRegistry name git-ps1
10 silly mapToRegistry using default registry
11 silly mapToRegistry registry https://registry.npmjs.org/
12 silly mapToRegistry uri https://registry.npmjs.org/git-ps1
13 verbose request uri https://registry.npmjs.org/git-ps1
14 verbose request no auth needed
15 info attempt registry request try #1 at 12:47:18
16 verbose request id c00acd096b1410dc
17 verbose etag W/"57e85201-3330"
18 verbose lastModified Sun, 25 Sep 2016 22:38:57 GMT
19 http request GET https://registry.npmjs.org/git-ps1
20 http 304 https://registry.npmjs.org/git-ps1
21 verbose headers { date: 'Sun, 17 Sep 2017 10:47:18 GMT',
21 verbose headers   via: '1.1 varnish',
21 verbose headers   'cache-control': 'max-age=300',
21 verbose headers   etag: 'W/"57e85201-3330"',
21 verbose headers   age: '0',
21 verbose headers   connection: 'keep-alive',
21 verbose headers   'x-served-by': 'cache-cdg8735-CDG',
21 verbose headers   'x-cache': 'MISS',
21 verbose headers   'x-cache-hits': '0',
21 verbose headers   'x-timer': 'S1505645239.945543,VS0,VE44',
21 verbose headers   vary: 'Accept-Encoding, Accept' }
22 silly get cb [ 304,
22 silly get   { date: 'Sun, 17 Sep 2017 10:47:18 GMT',
22 silly get     via: '1.1 varnish',
22 silly get     'cache-control': 'max-age=300',
22 silly get     etag: 'W/"57e85201-3330"',
22 silly get     age: '0',
22 silly get     connection: 'keep-alive',
22 silly get     'x-served-by': 'cache-cdg8735-CDG',
22 silly get     'x-cache': 'MISS',
22 silly get     'x-cache-hits': '0',
22 silly get     'x-timer': 'S1505645239.945543,VS0,VE44',
22 silly get     vary: 'Accept-Encoding, Accept' } ]
23 verbose etag https://registry.npmjs.org/git-ps1 from cache
24 verbose get saving git-ps1 to /home/fchx/.npm/registry.npmjs.org/git-ps1/.cache.json
25 silly install normalizeTree
26 silly loadCurrentTree Finishing
27 silly loadIdealTree Starting
28 silly install loadIdealTree
29 silly cloneCurrentTree Starting
30 silly install cloneCurrentTreeToIdealTree
31 silly cloneCurrentTree Finishing
32 silly loadShrinkwrap Starting
33 silly install loadShrinkwrap
34 silly loadShrinkwrap Finishing
35 silly loadAllDepsIntoIdealTree Starting
36 silly install loadAllDepsIntoIdealTree
37 silly resolveWithNewModule git-ps1@2.1.5 checking installable status
38 silly cache add args [ 'git-ps1', null ]
39 verbose cache add spec git-ps1
40 silly cache add parsed spec Result {
40 silly cache add   raw: 'git-ps1',
40 silly cache add   scope: null,
40 silly cache add   name: 'git-ps1',
40 silly cache add   rawSpec: '',
40 silly cache add   spec: 'latest',
40 silly cache add   type: 'tag' }
41 silly addNamed git-ps1@latest
42 verbose addNamed "latest" is being treated as a dist-tag for git-ps1
43 info addNameTag [ 'git-ps1', 'latest' ]
44 silly mapToRegistry name git-ps1
45 silly mapToRegistry using default registry
46 silly mapToRegistry registry https://registry.npmjs.org/
47 silly mapToRegistry uri https://registry.npmjs.org/git-ps1
48 verbose addNameTag registry:https://registry.npmjs.org/git-ps1 not in flight; fetching
49 verbose get https://registry.npmjs.org/git-ps1 not expired, no request
50 silly addNameTag next cb for git-ps1 with tag latest
51 silly addNamed git-ps1@2.1.5
52 verbose addNamed "2.1.5" is a plain semver version for git-ps1
53 silly cache afterAdd git-ps1@2.1.5
54 verbose afterAdd /home/fchx/.npm/git-ps1/2.1.5/package/package.json not in flight; writing
55 verbose afterAdd /home/fchx/.npm/git-ps1/2.1.5/package/package.json written
56 silly fetchNamedPackageData git-state
57 silly mapToRegistry name git-state
58 silly mapToRegistry using default registry
59 silly mapToRegistry registry https://registry.npmjs.org/
60 silly mapToRegistry uri https://registry.npmjs.org/git-state
61 verbose request uri https://registry.npmjs.org/git-state
62 verbose request no auth needed
63 info attempt registry request try #1 at 12:47:19
64 verbose etag W/"591a0bd0-7417"
65 verbose lastModified Mon, 15 May 2017 20:13:04 GMT
66 http request GET https://registry.npmjs.org/git-state
67 http 200 https://registry.npmjs.org/git-state
68 verbose headers { server: 'nginx/1.10.1',
68 verbose headers   'content-type': 'application/json',
68 verbose headers   'last-modified': 'Thu, 29 Jun 2017 16:48:57 GMT',
68 verbose headers   etag: 'W/"59552f79-7f50"',
68 verbose headers   'content-encoding': 'gzip',
68 verbose headers   'cache-control': 'max-age=300',
68 verbose headers   'content-length': '4931',
68 verbose headers   'accept-ranges': 'bytes',
68 verbose headers   date: 'Sun, 17 Sep 2017 10:47:19 GMT',
68 verbose headers   via: '1.1 varnish',
68 verbose headers   age: '0',
68 verbose headers   connection: 'keep-alive',
68 verbose headers   'x-served-by': 'cache-cdg8720-CDG',
68 verbose headers   'x-cache': 'MISS',
68 verbose headers   'x-cache-hits': '0',
68 verbose headers   'x-timer': 'S1505645239.179167,VS0,VE30',
68 verbose headers   vary: 'Accept-Encoding, Accept' }
69 silly get cb [ 200,
69 silly get   { server: 'nginx/1.10.1',
69 silly get     'content-type': 'application/json',
69 silly get     'last-modified': 'Thu, 29 Jun 2017 16:48:57 GMT',
69 silly get     etag: 'W/"59552f79-7f50"',
69 silly get     'content-encoding': 'gzip',
69 silly get     'cache-control': 'max-age=300',
69 silly get     'content-length': '4931',
69 silly get     'accept-ranges': 'bytes',
69 silly get     date: 'Sun, 17 Sep 2017 10:47:19 GMT',
69 silly get     via: '1.1 varnish',
69 silly get     age: '0',
69 silly get     connection: 'keep-alive',
69 silly get     'x-served-by': 'cache-cdg8720-CDG',
69 silly get     'x-cache': 'MISS',
69 silly get     'x-cache-hits': '0',
69 silly get     'x-timer': 'S1505645239.179167,VS0,VE30',
69 silly get     vary: 'Accept-Encoding, Accept' } ]
70 verbose get saving git-state to /home/fchx/.npm/registry.npmjs.org/git-state/.cache.json
71 silly resolveWithNewModule git-state@3.1.1 checking installable status
72 silly cache add args [ 'git-state@^3.0.0', null ]
73 verbose cache add spec git-state@^3.0.0
74 silly cache add parsed spec Result {
74 silly cache add   raw: 'git-state@^3.0.0',
74 silly cache add   scope: null,
74 silly cache add   name: 'git-state',
74 silly cache add   rawSpec: '^3.0.0',
74 silly cache add   spec: '>=3.0.0 <4.0.0',
74 silly cache add   type: 'range' }
75 silly addNamed git-state@>=3.0.0 <4.0.0
76 verbose addNamed ">=3.0.0 <4.0.0" is a valid semver range for git-state
77 silly addNameRange { name: 'git-state', range: '>=3.0.0 <4.0.0', hasData: false }
78 silly mapToRegistry name git-state
79 silly mapToRegistry using default registry
80 silly mapToRegistry registry https://registry.npmjs.org/
81 silly mapToRegistry uri https://registry.npmjs.org/git-state
82 verbose addNameRange registry:https://registry.npmjs.org/git-state not in flight; fetching
83 verbose get https://registry.npmjs.org/git-state not expired, no request
84 silly addNameRange number 2 { name: 'git-state', range: '>=3.0.0 <4.0.0', hasData: true }
85 silly addNameRange versions [ 'git-state',
85 silly addNameRange   [ '1.0.0',
85 silly addNameRange     '1.0.1',
85 silly addNameRange     '2.0.0',
85 silly addNameRange     '2.1.0',
85 silly addNameRange     '2.2.0',
85 silly addNameRange     '2.2.1',
85 silly addNameRange     '2.2.2',
85 silly addNameRange     '2.2.3',
85 silly addNameRange     '2.2.4',
85 silly addNameRange     '2.2.5',
85 silly addNameRange     '2.3.0',
85 silly addNameRange     '2.4.0',
85 silly addNameRange     '2.5.0',
85 silly addNameRange     '2.5.1',
85 silly addNameRange     '2.5.2',
85 silly addNameRange     '3.0.0',
85 silly addNameRange     '3.0.1',
85 silly addNameRange     '3.1.0',
85 silly addNameRange     '3.1.1',
85 silly addNameRange     '4.0.0' ] ]
86 silly addNamed git-state@3.1.1
87 verbose addNamed "3.1.1" is a plain semver version for git-state
88 silly cache afterAdd git-state@3.1.1
89 verbose afterAdd /home/fchx/.npm/git-state/3.1.1/package/package.json not in flight; writing
90 verbose afterAdd /home/fchx/.npm/git-state/3.1.1/package/package.json written
91 silly fetchNamedPackageData after-all-results
92 silly mapToRegistry name after-all-results
93 silly mapToRegistry using default registry
94 silly mapToRegistry registry https://registry.npmjs.org/
95 silly mapToRegistry uri https://registry.npmjs.org/after-all-results
96 verbose request uri https://registry.npmjs.org/after-all-results
97 verbose request no auth needed
98 info attempt registry request try #1 at 12:47:19
99 verbose etag W/"54cd0bf1-158b"
100 verbose lastModified Sat, 31 Jan 2015 17:08:01 GMT
101 http request GET https://registry.npmjs.org/after-all-results
102 http 304 https://registry.npmjs.org/after-all-results
103 verbose headers { date: 'Sun, 17 Sep 2017 10:47:19 GMT',
103 verbose headers   via: '1.1 varnish',
103 verbose headers   'cache-control': 'max-age=300',
103 verbose headers   etag: 'W/"54cd0bf1-158b"',
103 verbose headers   age: '0',
103 verbose headers   connection: 'keep-alive',
103 verbose headers   'x-served-by': 'cache-cdg8727-CDG',
103 verbose headers   'x-cache': 'MISS',
103 verbose headers   'x-cache-hits': '0',
103 verbose headers   'x-timer': 'S1505645239.319999,VS0,VE16',
103 verbose headers   vary: 'Accept-Encoding, Accept' }
104 silly get cb [ 304,
104 silly get   { date: 'Sun, 17 Sep 2017 10:47:19 GMT',
104 silly get     via: '1.1 varnish',
104 silly get     'cache-control': 'max-age=300',
104 silly get     etag: 'W/"54cd0bf1-158b"',
104 silly get     age: '0',
104 silly get     connection: 'keep-alive',
104 silly get     'x-served-by': 'cache-cdg8727-CDG',
104 silly get     'x-cache': 'MISS',
104 silly get     'x-cache-hits': '0',
104 silly get     'x-timer': 'S1505645239.319999,VS0,VE16',
104 silly get     vary: 'Accept-Encoding, Accept' } ]
105 verbose etag https://registry.npmjs.org/after-all-results from cache
106 verbose get saving after-all-results to /home/fchx/.npm/registry.npmjs.org/after-all-results/.cache.json
107 silly resolveWithNewModule after-all-results@2.0.0 checking installable status
108 silly cache add args [ 'after-all-results@^2.0.0', null ]
109 verbose cache add spec after-all-results@^2.0.0
110 silly cache add parsed spec Result {
110 silly cache add   raw: 'after-all-results@^2.0.0',
110 silly cache add   scope: null,
110 silly cache add   name: 'after-all-results',
110 silly cache add   rawSpec: '^2.0.0',
110 silly cache add   spec: '>=2.0.0 <3.0.0',
110 silly cache add   type: 'range' }
111 silly addNamed after-all-results@>=2.0.0 <3.0.0
112 verbose addNamed ">=2.0.0 <3.0.0" is a valid semver range for after-all-results
113 silly addNameRange { name: 'after-all-results',
113 silly addNameRange   range: '>=2.0.0 <3.0.0',
113 silly addNameRange   hasData: false }
114 silly mapToRegistry name after-all-results
115 silly mapToRegistry using default registry
116 silly mapToRegistry registry https://registry.npmjs.org/
117 silly mapToRegistry uri https://registry.npmjs.org/after-all-results
118 verbose addNameRange registry:https://registry.npmjs.org/after-all-results not in flight; fetching
119 verbose get https://registry.npmjs.org/after-all-results not expired, no request
120 silly addNameRange number 2 { name: 'after-all-results',
120 silly addNameRange   range: '>=2.0.0 <3.0.0',
120 silly addNameRange   hasData: true }
121 silly addNameRange versions [ 'after-all-results', [ '1.0.0', '1.1.0', '2.0.0' ] ]
122 silly addNamed after-all-results@2.0.0
123 verbose addNamed "2.0.0" is a plain semver version for after-all-results
124 silly cache afterAdd after-all-results@2.0.0
125 verbose afterAdd /home/fchx/.npm/after-all-results/2.0.0/package/package.json not in flight; writing
126 verbose afterAdd /home/fchx/.npm/after-all-results/2.0.0/package/package.json written
127 silly loadAllDepsIntoIdealTree Finishing
128 silly idealTree:prePrune lib
128 silly idealTree:prePrune └─┬ git-ps1@2.1.5
128 silly idealTree:prePrune   ├── after-all-results@2.0.0
128 silly idealTree:prePrune   └── git-state@3.1.1
129 silly loadIdealTree Finishing
130 silly currentTree lib
130 silly currentTree └─┬ git-ps1@2.1.5
130 silly currentTree   ├── after-all-results@2.0.0
130 silly currentTree   └── git-state@3.1.1
131 silly idealTree lib
131 silly idealTree └─┬ git-ps1@2.1.5
131 silly idealTree   ├── after-all-results@2.0.0
131 silly idealTree   └── git-state@3.1.1
132 silly generateActionsToTake Starting
133 silly install generateActionsToTake
134 warn checkPermissions Missing write access to /usr/local/lib/node_modules/git-ps1
135 warn checkPermissions Missing write access to /usr/local/lib/node_modules
136 silly rollbackFailedOptional Starting
137 silly rollbackFailedOptional Finishing
138 silly runTopLevelLifecycles Starting
139 silly runTopLevelLifecycles Finishing
140 silly install printInstalled
141 verbose stack Error: EACCES: permission denied, access '/usr/local/lib/node_modules/git-ps1'
141 verbose stack     at Error (native)
142 verbose cwd /media/bigDisk/home/fchx/10 - git-repositories/WojtekPerso/conf
143 error Linux 4.4.0-53-generic
144 error argv "/usr/bin/nodejs" "/usr/bin/npm" "install" "-g" "git-ps1"
145 error node v4.2.6
146 error npm  v3.5.2
147 error path /usr/local/lib/node_modules/git-ps1
148 error code EACCES
149 error errno -13
150 error syscall access
151 error Error: EACCES: permission denied, access '/usr/local/lib/node_modules/git-ps1'
151 error     at Error (native)
151 error  { [Error: EACCES: permission denied, access '/usr/local/lib/node_modules/git-ps1']
151 error   errno: -13,
151 error   code: 'EACCES',
151 error   syscall: 'access',
151 error   path: '/usr/local/lib/node_modules/git-ps1' }
152 error Please try running this command again as root/Administrator.
153 verbose exit [ -13, true ]
